2022-12-21 16:52:17,638 - Starting Apache Velocity v1.5 (compiled: 2007-02-22 08:52:29)
2022-12-21 16:52:17,638 - Default Properties File: org\apache\velocity\runtime\defaults\velocity.properties
2022-12-21 16:52:17,638 - Trying to use logger class org.apache.velocity.runtime.log.AvalonLogChute
2022-12-21 16:52:17,644 - Couldn't find class org.apache.velocity.runtime.log.AvalonLogChute or necessary supporting classes in classpath.
java.lang.NoClassDefFoundError: org/apache/log/format/Formatter
	at java.base/java.lang.Class.forName0(Native Method)
	at java.base/java.lang.Class.forName(Class.java:467)
	at org.apache.velocity.util.ClassUtils.getClass(ClassUtils.java:63)
	at org.apache.velocity.util.ClassUtils.getNewInstance(ClassUtils.java:95)
	at org.apache.velocity.runtime.log.LogManager.createLogChute(LogManager.java:147)
	at org.apache.velocity.runtime.log.LogManager.updateLog(LogManager.java:208)
	at org.apache.velocity.runtime.RuntimeInstance.initializeLog(RuntimeInstance.java:728)
	at org.apache.velocity.runtime.RuntimeInstance.init(RuntimeInstance.java:240)
	at org.apache.velocity.runtime.RuntimeInstance.init(RuntimeInstance.java:534)
	at org.apache.velocity.app.VelocityEngine.init(VelocityEngine.java:144)
	at org.eclipse.jpt.jpa.gen.internal.PackageGenerator.generateClass(PackageGenerator.java:303)
	at org.eclipse.jpt.jpa.gen.internal.PackageGenerator.generateInternal(PackageGenerator.java:132)
	at org.eclipse.jpt.jpa.gen.internal.PackageGenerator.doGenerate(PackageGenerator.java:106)
	at org.eclipse.jpt.jpa.gen.internal.PackageGenerator.generate(PackageGenerator.java:82)
	at org.eclipse.jpt.jpa.ui.internal.wizards.gen.GenerateEntitiesFromSchemaWizard$GenerateEntitiesJob.runInWorkspace(GenerateEntitiesFromSchemaWizard.java:285)
	at org.eclipse.core.internal.resources.InternalWorkspaceJob.run(InternalWorkspaceJob.java:43)
	at org.eclipse.core.internal.jobs.Worker.run(Worker.java:63)
Caused by: java.lang.ClassNotFoundException: org.apache.log.format.Formatter cannot be found by org.apache.velocity_1.5.0.v200905192330
	at org.eclipse.osgi.internal.loader.BundleLoader.generateException(BundleLoader.java:541)
	at org.eclipse.osgi.internal.loader.BundleLoader.findClass0(BundleLoader.java:536)
	at org.eclipse.osgi.internal.loader.BundleLoader.findClass(BundleLoader.java:416)
	at org.eclipse.osgi.internal.loader.ModuleClassLoader.loadClass(ModuleClassLoader.java:168)
	at java.base/java.lang.ClassLoader.loadClass(ClassLoader.java:520)
	... 17 more
2022-12-21 16:52:17,662 - Trying to use logger class org.apache.velocity.runtime.log.Log4JLogChute
2022-12-21 16:52:17,662 - Using logger class org.apache.velocity.runtime.log.Log4JLogChute
2022-12-21 16:52:17,664 - Default ResourceManager initializing. (class org.apache.velocity.runtime.resource.ResourceManagerImpl)
2022-12-21 16:52:17,674 - ResourceLoader instantiated: org.apache.velocity.runtime.resource.loader.FileResourceLoader
2022-12-21 16:52:17,675 - Do unicode file recognition:  false
2022-12-21 16:52:17,675 - FileResourceLoader : adding path 'D:\Repositories\Keretrendszerek beadandó\IDE\eclipse\configuration\org.eclipse.jpt.jpa.gen\templates\entities'
2022-12-21 16:52:17,711 - ResourceCache: initialized (class org.apache.velocity.runtime.resource.ResourceCacheImpl)
2022-12-21 16:52:17,712 - Loaded System Directive: org.apache.velocity.runtime.directive.Literal
2022-12-21 16:52:17,712 - Loaded System Directive: org.apache.velocity.runtime.directive.Macro
2022-12-21 16:52:17,712 - Loaded System Directive: org.apache.velocity.runtime.directive.Parse
2022-12-21 16:52:17,713 - Loaded System Directive: org.apache.velocity.runtime.directive.Include
2022-12-21 16:52:17,713 - Loaded System Directive: org.apache.velocity.runtime.directive.Foreach
2022-12-21 16:52:17,723 - Created '20' parsers.
2022-12-21 16:52:17,725 - Velocimacro : "velocimacro.library" is not set.  Trying default library: VM_global_library.vm
2022-12-21 16:52:17,725 - Velocimacro : Default library not found.
2022-12-21 16:52:17,725 - Velocimacro : allowInline = true : VMs can be defined inline in templates
2022-12-21 16:52:17,725 - Velocimacro : allowInlineToOverride = false : VMs defined inline may NOT replace previous VM definitions
2022-12-21 16:52:17,725 - Velocimacro : allowInlineLocal = false : VMs defined inline will be global in scope if allowed.
2022-12-21 16:52:17,725 - Velocimacro : autoload off : VM system will not automatically reload global library macros
2022-12-21 16:52:17,755 - ResourceManager : found main.java.vm with loader org.apache.velocity.runtime.resource.loader.FileResourceLoader
2022-12-21 16:52:17,776 - ResourceManager : found mappingKind.vm with loader org.apache.velocity.runtime.resource.loader.FileResourceLoader
2022-12-21 16:52:17,781 - Velocimacro : added #append(  members parameters ) : source = column.vm
2022-12-21 16:52:17,786 - ResourceManager : found column.vm with loader org.apache.velocity.runtime.resource.loader.FileResourceLoader
2022-12-21 16:52:17,787 - ResourceManager : found mappingKind.vm with loader org.apache.velocity.runtime.resource.loader.FileResourceLoader
2022-12-21 16:52:17,787 - Velocimacro : VM addition rejected : append : inline not allowed to replace existing VM
2022-12-21 16:52:17,787 - Failed to add macro: #append(  members parameters ) : source = column.vm
2022-12-21 16:52:17,790 - ResourceManager : found column.vm with loader org.apache.velocity.runtime.resource.loader.FileResourceLoader
2022-12-21 16:52:17,790 - ResourceManager : found mappingKind.vm with loader org.apache.velocity.runtime.resource.loader.FileResourceLoader
2022-12-21 16:52:17,791 - Velocimacro : VM addition rejected : append : inline not allowed to replace existing VM
2022-12-21 16:52:17,791 - Failed to add macro: #append(  members parameters ) : source = column.vm
2022-12-21 16:52:17,793 - ResourceManager : found column.vm with loader org.apache.velocity.runtime.resource.loader.FileResourceLoader
2022-12-21 16:52:17,799 - ResourceManager : found oneToMany.vm with loader org.apache.velocity.runtime.resource.loader.FileResourceLoader
2022-12-21 16:52:17,818 - ResourceManager : found oneToManyMethods.vm with loader org.apache.velocity.runtime.resource.loader.FileResourceLoader
2022-12-21 16:52:17,885 - Log4JLogChute initialized using file 'velocity.log'
2022-12-21 16:52:17,885 - Starting Apache Velocity v1.5 (compiled: 2007-02-22 08:52:29)
2022-12-21 16:52:17,885 - Default Properties File: org\apache\velocity\runtime\defaults\velocity.properties
2022-12-21 16:52:17,885 - Trying to use logger class org.apache.velocity.runtime.log.AvalonLogChute
2022-12-21 16:52:17,885 - Couldn't find class org.apache.velocity.runtime.log.AvalonLogChute or necessary supporting classes in classpath.
java.lang.NoClassDefFoundError: org/apache/log/format/Formatter
	at java.base/java.lang.Class.forName0(Native Method)
	at java.base/java.lang.Class.forName(Class.java:467)
	at org.apache.velocity.util.ClassUtils.getClass(ClassUtils.java:63)
	at org.apache.velocity.util.ClassUtils.getNewInstance(ClassUtils.java:95)
	at org.apache.velocity.runtime.log.LogManager.createLogChute(LogManager.java:147)
	at org.apache.velocity.runtime.log.LogManager.updateLog(LogManager.java:208)
	at org.apache.velocity.runtime.RuntimeInstance.initializeLog(RuntimeInstance.java:728)
	at org.apache.velocity.runtime.RuntimeInstance.init(RuntimeInstance.java:240)
	at org.apache.velocity.runtime.RuntimeInstance.init(RuntimeInstance.java:534)
	at org.apache.velocity.app.VelocityEngine.init(VelocityEngine.java:144)
	at org.eclipse.jpt.jpa.gen.internal.PackageGenerator.generateClass(PackageGenerator.java:303)
	at org.eclipse.jpt.jpa.gen.internal.PackageGenerator.generateInternal(PackageGenerator.java:132)
	at org.eclipse.jpt.jpa.gen.internal.PackageGenerator.doGenerate(PackageGenerator.java:106)
	at org.eclipse.jpt.jpa.gen.internal.PackageGenerator.generate(PackageGenerator.java:82)
	at org.eclipse.jpt.jpa.ui.internal.wizards.gen.GenerateEntitiesFromSchemaWizard$GenerateEntitiesJob.runInWorkspace(GenerateEntitiesFromSchemaWizard.java:285)
	at org.eclipse.core.internal.resources.InternalWorkspaceJob.run(InternalWorkspaceJob.java:43)
	at org.eclipse.core.internal.jobs.Worker.run(Worker.java:63)
Caused by: java.lang.ClassNotFoundException: org.apache.log.format.Formatter cannot be found by org.apache.velocity_1.5.0.v200905192330
	at org.eclipse.osgi.internal.loader.BundleLoader.generateException(BundleLoader.java:541)
	at org.eclipse.osgi.internal.loader.BundleLoader.findClass0(BundleLoader.java:536)
	at org.eclipse.osgi.internal.loader.BundleLoader.findClass(BundleLoader.java:416)
	at org.eclipse.osgi.internal.loader.ModuleClassLoader.loadClass(ModuleClassLoader.java:168)
	at java.base/java.lang.ClassLoader.loadClass(ClassLoader.java:520)
	... 17 more
2022-12-21 16:52:17,885 - Trying to use logger class org.apache.velocity.runtime.log.Log4JLogChute
2022-12-21 16:52:17,885 - Using logger class org.apache.velocity.runtime.log.Log4JLogChute
2022-12-21 16:52:17,885 - Default ResourceManager initializing. (class org.apache.velocity.runtime.resource.ResourceManagerImpl)
2022-12-21 16:52:17,885 - ResourceLoader instantiated: org.apache.velocity.runtime.resource.loader.FileResourceLoader
2022-12-21 16:52:17,885 - Do unicode file recognition:  false
2022-12-21 16:52:17,885 - FileResourceLoader : adding path 'D:\Repositories\Keretrendszerek beadandó\IDE\eclipse\configuration\org.eclipse.jpt.jpa.gen\templates\entities'
2022-12-21 16:52:17,885 - ResourceCache: initialized (class org.apache.velocity.runtime.resource.ResourceCacheImpl)
2022-12-21 16:52:17,885 - Loaded System Directive: org.apache.velocity.runtime.directive.Literal
2022-12-21 16:52:17,885 - Loaded System Directive: org.apache.velocity.runtime.directive.Macro
2022-12-21 16:52:17,885 - Loaded System Directive: org.apache.velocity.runtime.directive.Parse
2022-12-21 16:52:17,885 - Loaded System Directive: org.apache.velocity.runtime.directive.Include
2022-12-21 16:52:17,885 - Loaded System Directive: org.apache.velocity.runtime.directive.Foreach
2022-12-21 16:52:17,886 - Created '20' parsers.
2022-12-21 16:52:17,886 - Velocimacro : "velocimacro.library" is not set.  Trying default library: VM_global_library.vm
2022-12-21 16:52:17,886 - Velocimacro : Default library not found.
2022-12-21 16:52:17,886 - Velocimacro : allowInline = true : VMs can be defined inline in templates
2022-12-21 16:52:17,886 - Velocimacro : allowInlineToOverride = false : VMs defined inline may NOT replace previous VM definitions
2022-12-21 16:52:17,886 - Velocimacro : allowInlineLocal = false : VMs defined inline will be global in scope if allowed.
2022-12-21 16:52:17,886 - Velocimacro : autoload off : VM system will not automatically reload global library macros
2022-12-21 16:52:17,888 - ResourceManager : found main.java.vm with loader org.apache.velocity.runtime.resource.loader.FileResourceLoader
2022-12-21 16:52:17,889 - ResourceManager : found mappingKind.vm with loader org.apache.velocity.runtime.resource.loader.FileResourceLoader
2022-12-21 16:52:17,889 - Velocimacro : added #append(  members parameters ) : source = column.vm
2022-12-21 16:52:17,891 - ResourceManager : found column.vm with loader org.apache.velocity.runtime.resource.loader.FileResourceLoader
2022-12-21 16:52:17,892 - ResourceManager : found mappingKind.vm with loader org.apache.velocity.runtime.resource.loader.FileResourceLoader
2022-12-21 16:52:17,892 - Velocimacro : VM addition rejected : append : inline not allowed to replace existing VM
2022-12-21 16:52:17,892 - Failed to add macro: #append(  members parameters ) : source = column.vm
2022-12-21 16:52:17,894 - ResourceManager : found column.vm with loader org.apache.velocity.runtime.resource.loader.FileResourceLoader
2022-12-21 16:52:17,894 - ResourceManager : found oneToMany.vm with loader org.apache.velocity.runtime.resource.loader.FileResourceLoader
2022-12-21 16:52:17,897 - ResourceManager : found oneToManyMethods.vm with loader org.apache.velocity.runtime.resource.loader.FileResourceLoader
2022-12-21 16:52:17,908 - Log4JLogChute initialized using file 'velocity.log'
2022-12-21 16:52:17,908 - Starting Apache Velocity v1.5 (compiled: 2007-02-22 08:52:29)
2022-12-21 16:52:17,908 - Default Properties File: org\apache\velocity\runtime\defaults\velocity.properties
2022-12-21 16:52:17,908 - Trying to use logger class org.apache.velocity.runtime.log.AvalonLogChute
2022-12-21 16:52:17,908 - Couldn't find class org.apache.velocity.runtime.log.AvalonLogChute or necessary supporting classes in classpath.
java.lang.NoClassDefFoundError: org/apache/log/format/Formatter
	at java.base/java.lang.Class.forName0(Native Method)
	at java.base/java.lang.Class.forName(Class.java:467)
	at org.apache.velocity.util.ClassUtils.getClass(ClassUtils.java:63)
	at org.apache.velocity.util.ClassUtils.getNewInstance(ClassUtils.java:95)
	at org.apache.velocity.runtime.log.LogManager.createLogChute(LogManager.java:147)
	at org.apache.velocity.runtime.log.LogManager.updateLog(LogManager.java:208)
	at org.apache.velocity.runtime.RuntimeInstance.initializeLog(RuntimeInstance.java:728)
	at org.apache.velocity.runtime.RuntimeInstance.init(RuntimeInstance.java:240)
	at org.apache.velocity.runtime.RuntimeInstance.init(RuntimeInstance.java:534)
	at org.apache.velocity.app.VelocityEngine.init(VelocityEngine.java:144)
	at org.eclipse.jpt.jpa.gen.internal.PackageGenerator.generateClass(PackageGenerator.java:303)
	at org.eclipse.jpt.jpa.gen.internal.PackageGenerator.generateInternal(PackageGenerator.java:132)
	at org.eclipse.jpt.jpa.gen.internal.PackageGenerator.doGenerate(PackageGenerator.java:106)
	at org.eclipse.jpt.jpa.gen.internal.PackageGenerator.generate(PackageGenerator.java:82)
	at org.eclipse.jpt.jpa.ui.internal.wizards.gen.GenerateEntitiesFromSchemaWizard$GenerateEntitiesJob.runInWorkspace(GenerateEntitiesFromSchemaWizard.java:285)
	at org.eclipse.core.internal.resources.InternalWorkspaceJob.run(InternalWorkspaceJob.java:43)
	at org.eclipse.core.internal.jobs.Worker.run(Worker.java:63)
Caused by: java.lang.ClassNotFoundException: org.apache.log.format.Formatter cannot be found by org.apache.velocity_1.5.0.v200905192330
	at org.eclipse.osgi.internal.loader.BundleLoader.generateException(BundleLoader.java:541)
	at org.eclipse.osgi.internal.loader.BundleLoader.findClass0(BundleLoader.java:536)
	at org.eclipse.osgi.internal.loader.BundleLoader.findClass(BundleLoader.java:416)
	at org.eclipse.osgi.internal.loader.ModuleClassLoader.loadClass(ModuleClassLoader.java:168)
	at java.base/java.lang.ClassLoader.loadClass(ClassLoader.java:520)
	... 17 more
2022-12-21 16:52:17,909 - Trying to use logger class org.apache.velocity.runtime.log.Log4JLogChute
2022-12-21 16:52:17,909 - Using logger class org.apache.velocity.runtime.log.Log4JLogChute
2022-12-21 16:52:17,909 - Default ResourceManager initializing. (class org.apache.velocity.runtime.resource.ResourceManagerImpl)
2022-12-21 16:52:17,909 - ResourceLoader instantiated: org.apache.velocity.runtime.resource.loader.FileResourceLoader
2022-12-21 16:52:17,909 - Do unicode file recognition:  false
2022-12-21 16:52:17,909 - FileResourceLoader : adding path 'D:\Repositories\Keretrendszerek beadandó\IDE\eclipse\configuration\org.eclipse.jpt.jpa.gen\templates\entities'
2022-12-21 16:52:17,909 - ResourceCache: initialized (class org.apache.velocity.runtime.resource.ResourceCacheImpl)
2022-12-21 16:52:17,909 - Loaded System Directive: org.apache.velocity.runtime.directive.Literal
2022-12-21 16:52:17,909 - Loaded System Directive: org.apache.velocity.runtime.directive.Macro
2022-12-21 16:52:17,909 - Loaded System Directive: org.apache.velocity.runtime.directive.Parse
2022-12-21 16:52:17,909 - Loaded System Directive: org.apache.velocity.runtime.directive.Include
2022-12-21 16:52:17,909 - Loaded System Directive: org.apache.velocity.runtime.directive.Foreach
2022-12-21 16:52:17,910 - Created '20' parsers.
2022-12-21 16:52:17,910 - Velocimacro : "velocimacro.library" is not set.  Trying default library: VM_global_library.vm
2022-12-21 16:52:17,910 - Velocimacro : Default library not found.
2022-12-21 16:52:17,910 - Velocimacro : allowInline = true : VMs can be defined inline in templates
2022-12-21 16:52:17,910 - Velocimacro : allowInlineToOverride = false : VMs defined inline may NOT replace previous VM definitions
2022-12-21 16:52:17,910 - Velocimacro : allowInlineLocal = false : VMs defined inline will be global in scope if allowed.
2022-12-21 16:52:17,910 - Velocimacro : autoload off : VM system will not automatically reload global library macros
2022-12-21 16:52:17,912 - ResourceManager : found main.java.vm with loader org.apache.velocity.runtime.resource.loader.FileResourceLoader
2022-12-21 16:52:17,913 - ResourceManager : found mappingKind.vm with loader org.apache.velocity.runtime.resource.loader.FileResourceLoader
2022-12-21 16:52:17,913 - Velocimacro : added #append(  members parameters ) : source = column.vm
2022-12-21 16:52:17,915 - ResourceManager : found column.vm with loader org.apache.velocity.runtime.resource.loader.FileResourceLoader
2022-12-21 16:52:17,921 - ResourceManager : found manyToOne.vm with loader org.apache.velocity.runtime.resource.loader.FileResourceLoader
2022-12-21 16:52:17,926 - Velocimacro : added #joinColumn(  column referencedColumn ) : source = join.vm
2022-12-21 16:52:17,929 - ResourceManager : found join.vm with loader org.apache.velocity.runtime.resource.loader.FileResourceLoader
2022-12-21 16:52:17,935 - ResourceManager : found manyToOne.vm with loader org.apache.velocity.runtime.resource.loader.FileResourceLoader
2022-12-21 16:52:17,936 - Velocimacro : VM addition rejected : joinColumn : inline not allowed to replace existing VM
2022-12-21 16:52:17,936 - Failed to add macro: #joinColumn(  column referencedColumn ) : source = join.vm
2022-12-21 16:52:17,938 - ResourceManager : found join.vm with loader org.apache.velocity.runtime.resource.loader.FileResourceLoader
2022-12-21 16:52:17,939 - ResourceManager : found manyToOne.vm with loader org.apache.velocity.runtime.resource.loader.FileResourceLoader
2022-12-21 16:52:17,940 - Velocimacro : VM addition rejected : joinColumn : inline not allowed to replace existing VM
2022-12-21 16:52:17,940 - Failed to add macro: #joinColumn(  column referencedColumn ) : source = join.vm
2022-12-21 16:52:17,943 - ResourceManager : found join.vm with loader org.apache.velocity.runtime.resource.loader.FileResourceLoader
2022-12-21 16:52:17,954 - Log4JLogChute initialized using file 'velocity.log'
2022-12-21 16:52:17,954 - Starting Apache Velocity v1.5 (compiled: 2007-02-22 08:52:29)
2022-12-21 16:52:17,954 - Default Properties File: org\apache\velocity\runtime\defaults\velocity.properties
2022-12-21 16:52:17,954 - Trying to use logger class org.apache.velocity.runtime.log.AvalonLogChute
2022-12-21 16:52:17,954 - Couldn't find class org.apache.velocity.runtime.log.AvalonLogChute or necessary supporting classes in classpath.
java.lang.NoClassDefFoundError: org/apache/log/format/Formatter
	at java.base/java.lang.Class.forName0(Native Method)
	at java.base/java.lang.Class.forName(Class.java:467)
	at org.apache.velocity.util.ClassUtils.getClass(ClassUtils.java:63)
	at org.apache.velocity.util.ClassUtils.getNewInstance(ClassUtils.java:95)
	at org.apache.velocity.runtime.log.LogManager.createLogChute(LogManager.java:147)
	at org.apache.velocity.runtime.log.LogManager.updateLog(LogManager.java:208)
	at org.apache.velocity.runtime.RuntimeInstance.initializeLog(RuntimeInstance.java:728)
	at org.apache.velocity.runtime.RuntimeInstance.init(RuntimeInstance.java:240)
	at org.apache.velocity.runtime.RuntimeInstance.init(RuntimeInstance.java:534)
	at org.apache.velocity.app.VelocityEngine.init(VelocityEngine.java:144)
	at org.eclipse.jpt.jpa.gen.internal.PackageGenerator.generateClass(PackageGenerator.java:303)
	at org.eclipse.jpt.jpa.gen.internal.PackageGenerator.generateInternal(PackageGenerator.java:132)
	at org.eclipse.jpt.jpa.gen.internal.PackageGenerator.doGenerate(PackageGenerator.java:106)
	at org.eclipse.jpt.jpa.gen.internal.PackageGenerator.generate(PackageGenerator.java:82)
	at org.eclipse.jpt.jpa.ui.internal.wizards.gen.GenerateEntitiesFromSchemaWizard$GenerateEntitiesJob.runInWorkspace(GenerateEntitiesFromSchemaWizard.java:285)
	at org.eclipse.core.internal.resources.InternalWorkspaceJob.run(InternalWorkspaceJob.java:43)
	at org.eclipse.core.internal.jobs.Worker.run(Worker.java:63)
Caused by: java.lang.ClassNotFoundException: org.apache.log.format.Formatter cannot be found by org.apache.velocity_1.5.0.v200905192330
	at org.eclipse.osgi.internal.loader.BundleLoader.generateException(BundleLoader.java:541)
	at org.eclipse.osgi.internal.loader.BundleLoader.findClass0(BundleLoader.java:536)
	at org.eclipse.osgi.internal.loader.BundleLoader.findClass(BundleLoader.java:416)
	at org.eclipse.osgi.internal.loader.ModuleClassLoader.loadClass(ModuleClassLoader.java:168)
	at java.base/java.lang.ClassLoader.loadClass(ClassLoader.java:520)
	... 17 more
2022-12-21 16:52:17,954 - Trying to use logger class org.apache.velocity.runtime.log.Log4JLogChute
2022-12-21 16:52:17,954 - Using logger class org.apache.velocity.runtime.log.Log4JLogChute
2022-12-21 16:52:17,954 - Default ResourceManager initializing. (class org.apache.velocity.runtime.resource.ResourceManagerImpl)
2022-12-21 16:52:17,954 - ResourceLoader instantiated: org.apache.velocity.runtime.resource.loader.FileResourceLoader
2022-12-21 16:52:17,954 - Do unicode file recognition:  false
2022-12-21 16:52:17,954 - FileResourceLoader : adding path 'D:\Repositories\Keretrendszerek beadandó\IDE\eclipse\configuration\org.eclipse.jpt.jpa.gen\templates\entities'
2022-12-21 16:52:17,955 - ResourceCache: initialized (class org.apache.velocity.runtime.resource.ResourceCacheImpl)
2022-12-21 16:52:17,955 - Loaded System Directive: org.apache.velocity.runtime.directive.Literal
2022-12-21 16:52:17,955 - Loaded System Directive: org.apache.velocity.runtime.directive.Macro
2022-12-21 16:52:17,955 - Loaded System Directive: org.apache.velocity.runtime.directive.Parse
2022-12-21 16:52:17,955 - Loaded System Directive: org.apache.velocity.runtime.directive.Include
2022-12-21 16:52:17,955 - Loaded System Directive: org.apache.velocity.runtime.directive.Foreach
2022-12-21 16:52:17,955 - Created '20' parsers.
2022-12-21 16:52:17,955 - Velocimacro : "velocimacro.library" is not set.  Trying default library: VM_global_library.vm
2022-12-21 16:52:17,955 - Velocimacro : Default library not found.
2022-12-21 16:52:17,955 - Velocimacro : allowInline = true : VMs can be defined inline in templates
2022-12-21 16:52:17,956 - Velocimacro : allowInlineToOverride = false : VMs defined inline may NOT replace previous VM definitions
2022-12-21 16:52:17,956 - Velocimacro : allowInlineLocal = false : VMs defined inline will be global in scope if allowed.
2022-12-21 16:52:17,956 - Velocimacro : autoload off : VM system will not automatically reload global library macros
2022-12-21 16:52:17,957 - ResourceManager : found main.java.vm with loader org.apache.velocity.runtime.resource.loader.FileResourceLoader
2022-12-21 16:52:17,958 - ResourceManager : found mappingKind.vm with loader org.apache.velocity.runtime.resource.loader.FileResourceLoader
2022-12-21 16:52:17,958 - Velocimacro : added #append(  members parameters ) : source = column.vm
2022-12-21 16:52:17,960 - ResourceManager : found column.vm with loader org.apache.velocity.runtime.resource.loader.FileResourceLoader
2022-12-21 16:52:17,961 - ResourceManager : found mappingKind.vm with loader org.apache.velocity.runtime.resource.loader.FileResourceLoader
2022-12-21 16:52:17,961 - Velocimacro : VM addition rejected : append : inline not allowed to replace existing VM
2022-12-21 16:52:17,961 - Failed to add macro: #append(  members parameters ) : source = column.vm
2022-12-21 16:52:17,963 - ResourceManager : found column.vm with loader org.apache.velocity.runtime.resource.loader.FileResourceLoader
2022-12-21 16:52:17,964 - ResourceManager : found oneToMany.vm with loader org.apache.velocity.runtime.resource.loader.FileResourceLoader
2022-12-21 16:52:17,965 - ResourceManager : found oneToManyMethods.vm with loader org.apache.velocity.runtime.resource.loader.FileResourceLoader
 org.apache.velocity.runtime.resource.loader.FileResourceLoader
2022-12-21 16:52:17,921 - ResourceManager : found manyToOne.vm with loader org.apache.velocity.runtime.resource.loader.FileResourceLoader
2022-12-21 16:52:17,921 - ResourceManager : found manyToOne.vm with loader org.apache.velocity.runtime.resource.loader.FileResourceLoader
2022-12-21 16:52:17,926 - Velocimacro : added #joinColumn(  column referencedColumn ) : source = join.vm
2022-12-21 16:52:17,926 - Velocimacro : added #joinColumn(  column referencedColumn ) : source = join.vm
2022-12-21 16:52:17,929 - ResourceManager : found join.vm with loader org.apache.velocity.runtime.resource.loader.FileResourceLoader
2022-12-21 16:52:17,929 - ResourceManager : found join.vm with loader org.apache.velocity.runtime.resource.loader.FileResourceLoader
2022-12-21 16:52:17,935 - ResourceManager : found manyToOne.vm with loader org.apache.velocity.runtime.resource.loader.FileResourceLoader
2022-12-21 16:52:17,935 - ResourceManager : found manyToOne.vm with loader org.apache.velocity.runtime.resource.loader.FileResourceLoader
2022-12-21 16:52:17,936 - Velocimacro : VM addition rejected : joinColumn : inline not allowed to replace existing VM
2022-12-21 16:52:17,936 - Velocimacro : VM addition rejected : joinColumn : inline not allowed to replace existing VM
2022-12-21 16:52:17,936 - Failed to add macro: #joinColumn(  column referencedColumn ) : source = join.vm
2022-12-21 16:52:17,936 - Failed to add macro: #joinColumn(  column referencedColumn ) : source = join.vm
2022-12-21 16:52:17,938 - ResourceManager : found join.vm with loader org.apache.velocity.runtime.resource.loader.FileResourceLoader
2022-12-21 16:52:17,938 - ResourceManager : found join.vm with loader org.apache.velocity.runtime.resource.loader.FileResourceLoader
2022-12-21 16:52:17,939 - ResourceManager : found manyToOne.vm with loader org.apache.velocity.runtime.resource.loader.FileResourceLoader
2022-12-21 16:52:17,939 - ResourceManager : found manyToOne.vm with loader org.apache.velocity.runtime.resource.loader.FileResourceLoader
2022-12-21 16:52:17,940 - Velocimacro : VM addition rejected : joinColumn : inline not allowed to replace existing VM
2022-12-21 16:52:17,940 - Velocimacro : VM addition rejected : joinColumn : inline not allowed to replace existing VM
2022-12-21 16:52:17,940 - Failed to add macro: #joinColumn(  column referencedColumn ) : source = join.vm
2022-12-21 16:52:17,940 - Failed to add macro: #joinColumn(  column referencedColumn ) : source = join.vm
2022-12-21 16:52:17,943 - ResourceManager : found join.vm with loader org.apache.velocity.runtime.resource.loader.FileResourceLoader
2022-12-21 16:52:17,943 - ResourceManager : found join.vm with loader org.apache.velocity.runtime.resource.loader.FileResourceLoader
2022-12-21 16:52:17,954 - Log4JLogChute initialized using file 'velocity.log'
2022-12-21 16:52:17,954 - Log4JLogChute initialized using file 'velocity.log'
2022-12-21 16:52:17,954 - Log4JLogChute initialized using file 'velocity.log'
2022-12-21 16:52:17,954 - Starting Apache Velocity v1.5 (compiled: 2007-02-22 08:52:29)
2022-12-21 16:52:17,954 - Starting Apache Velocity v1.5 (compiled: 2007-02-22 08:52:29)
2022-12-21 16:52:17,954 - Starting Apache Velocity v1.5 (compiled: 2007-02-22 08:52:29)
2022-12-21 16:52:17,954 - Default Properties File: org\apache\velocity\runtime\defaults\velocity.properties
2022-12-21 16:52:17,954 - Default Properties File: org\apache\velocity\runtime\defaults\velocity.properties
2022-12-21 16:52:17,954 - Default Properties File: org\apache\velocity\runtime\defaults\velocity.properties
2022-12-21 16:52:17,954 - Trying to use logger class org.apache.velocity.runtime.log.AvalonLogChute
2022-12-21 16:52:17,954 - Trying to use logger class org.apache.velocity.runtime.log.AvalonLogChute
2022-12-21 16:52:17,954 - Trying to use logger class org.apache.velocity.runtime.log.AvalonLogChute
2022-12-21 16:52:17,954 - Couldn't find class org.apache.velocity.runtime.log.AvalonLogChute or necessary supporting classes in classpath.
java.lang.NoClassDefFoundError: org/apache/log/format/Formatter
	at java.base/java.lang.Class.forName0(Native Method)
	at java.base/java.lang.Class.forName(Class.java:467)
	at org.apache.velocity.util.ClassUtils.getClass(ClassUtils.java:63)
	at org.apache.velocity.util.ClassUtils.getNewInstance(ClassUtils.java:95)
	at org.apache.velocity.runtime.log.LogManager.createLogChute(LogManager.java:147)
	at org.apache.velocity.runtime.log.LogManager.updateLog(LogManager.java:208)
	at org.apache.velocity.runtime.RuntimeInstance.initializeLog(RuntimeInstance.java:728)
	at org.apache.velocity.runtime.RuntimeInstance.init(RuntimeInstance.java:240)
	at org.apache.velocity.runtime.RuntimeInstance.init(RuntimeInstance.java:534)
	at org.apache.velocity.app.VelocityEngine.init(VelocityEngine.java:144)
	at org.eclipse.jpt.jpa.gen.internal.PackageGenerator.generateClass(PackageGenerator.java:303)
	at org.eclipse.jpt.jpa.gen.internal.PackageGenerator.generateInternal(PackageGenerator.java:132)
	at org.eclipse.jpt.jpa.gen.internal.PackageGenerator.doGenerate(PackageGenerator.java:106)
	at org.eclipse.jpt.jpa.gen.internal.PackageGenerator.generate(PackageGenerator.java:82)
	at org.eclipse.jpt.jpa.ui.internal.wizards.gen.GenerateEntitiesFromSchemaWizard$GenerateEntitiesJob.runInWorkspace(GenerateEntitiesFromSchemaWizard.java:285)
	at org.eclipse.core.internal.resources.InternalWorkspaceJob.run(InternalWorkspaceJob.java:43)
	at org.eclipse.core.internal.jobs.Worker.run(Worker.java:63)
Caused by: java.lang.ClassNotFoundException: org.apache.log.format.Formatter cannot be found by org.apache.velocity_1.5.0.v200905192330
	at org.eclipse.osgi.internal.loader.BundleLoader.generateException(BundleLoader.java:541)
	at org.eclipse.osgi.internal.loader.BundleLoader.findClass0(BundleLoader.java:536)
	at org.eclipse.osgi.internal.loader.BundleLoader.findClass(BundleLoader.java:416)
	at org.eclipse.osgi.internal.loader.ModuleClassLoader.loadClass(ModuleClassLoader.java:168)
	at java.base/java.lang.ClassLoader.loadClass(ClassLoader.java:520)
	... 17 more
2022-12-21 16:52:17,954 - Couldn't find class org.apache.velocity.runtime.log.AvalonLogChute or necessary supporting classes in classpath.
java.lang.NoClassDefFoundError: org/apache/log/format/Formatter
	at java.base/java.lang.Class.forName0(Native Method)
	at java.base/java.lang.Class.forName(Class.java:467)
	at org.apache.velocity.util.ClassUtils.getClass(ClassUtils.java:63)
	at org.apache.velocity.util.ClassUtils.getNewInstance(ClassUtils.java:95)
	at org.apache.velocity.runtime.log.LogManager.createLogChute(LogManager.java:147)
	at org.apache.velocity.runtime.log.LogManager.updateLog(LogManager.java:208)
	at org.apache.velocity.runtime.RuntimeInstance.initializeLog(RuntimeInstance.java:728)
	at org.apache.velocity.runtime.RuntimeInstance.init(RuntimeInstance.java:240)
	at org.apache.velocity.runtime.RuntimeInstance.init(RuntimeInstance.java:534)
	at org.apache.velocity.app.VelocityEngine.init(VelocityEngine.java:144)
	at org.eclipse.jpt.jpa.gen.internal.PackageGenerator.generateClass(PackageGenerator.java:303)
	at org.eclipse.jpt.jpa.gen.internal.PackageGenerator.generateInternal(PackageGenerator.java:132)
	at org.eclipse.jpt.jpa.gen.internal.PackageGenerator.doGenerate(PackageGenerator.java:106)
	at org.eclipse.jpt.jpa.gen.internal.PackageGenerator.generate(PackageGenerator.java:82)
	at org.eclipse.jpt.jpa.ui.internal.wizards.gen.GenerateEntitiesFromSchemaWizard$GenerateEntitiesJob.runInWorkspace(GenerateEntitiesFromSchemaWizard.java:285)
	at org.eclipse.core.internal.resources.InternalWorkspaceJob.run(InternalWorkspaceJob.java:43)
	at org.eclipse.core.internal.jobs.Worker.run(Worker.java:63)
Caused by: java.lang.ClassNotFoundException: org.apache.log.format.Formatter cannot be found by org.apache.velocity_1.5.0.v200905192330
	at org.eclipse.osgi.internal.loader.BundleLoader.generateException(BundleLoader.java:541)
	at org.eclipse.osgi.internal.loader.BundleLoader.findClass0(BundleLoader.java:536)
	at org.eclipse.osgi.internal.loader.BundleLoader.findClass(BundleLoader.java:416)
	at org.eclipse.osgi.internal.loader.ModuleClassLoader.loadClass(ModuleClassLoader.java:168)
	at java.base/java.lang.ClassLoader.loadClass(ClassLoader.java:520)
	... 17 more
2022-12-21 16:52:17,954 - Couldn't find class org.apache.velocity.runtime.log.AvalonLogChute or necessary supporting classes in classpath.
java.lang.NoClassDefFoundError: org/apache/log/format/Formatter
	at java.base/java.lang.Class.forName0(Native Method)
	at java.base/java.lang.Class.forName(Class.java:467)
	at org.apache.velocity.util.ClassUtils.getClass(ClassUtils.java:63)
	at org.apache.velocity.util.ClassUtils.getNewInstance(ClassUtils.java:95)
	at org.apache.velocity.runtime.log.LogManager.createLogChute(LogManager.java:147)
	at org.apache.velocity.runtime.log.LogManager.updateLog(LogManager.java:208)
	at org.apache.velocity.runtime.RuntimeInstance.initializeLog(RuntimeInstance.java:728)
	at org.apache.velocity.runtime.RuntimeInstance.init(RuntimeInstance.java:240)
	at org.apache.velocity.runtime.RuntimeInstance.init(RuntimeInstance.java:534)
	at org.apache.velocity.app.VelocityEngine.init(VelocityEngine.java:144)
	at org.eclipse.jpt.jpa.gen.internal.PackageGenerator.generateClass(PackageGenerator.java:303)
	at org.eclipse.jpt.jpa.gen.internal.PackageGenerator.generateInternal(PackageGenerator.java:132)
	at org.eclipse.jpt.jpa.gen.internal.PackageGenerator.doGenerate(PackageGenerator.java:106)
	at org.eclipse.jpt.jpa.gen.internal.PackageGenerator.generate(PackageGenerator.java:82)
	at org.eclipse.jpt.jpa.ui.internal.wizards.gen.GenerateEntitiesFromSchemaWizard$GenerateEntitiesJob.runInWorkspace(GenerateEntitiesFromSchemaWizard.java:285)
	at org.eclipse.core.internal.resources.InternalWorkspaceJob.run(InternalWorkspaceJob.java:43)
	at org.eclipse.core.internal.jobs.Worker.run(Worker.java:63)
Caused by: java.lang.ClassNotFoundException: org.apache.log.format.Formatter cannot be found by org.apache.velocity_1.5.0.v200905192330
	at org.eclipse.osgi.internal.loader.BundleLoader.generateException(BundleLoader.java:541)
	at org.eclipse.osgi.internal.loader.BundleLoader.findClass0(BundleLoader.java:536)
	at org.eclipse.osgi.internal.loader.BundleLoader.findClass(BundleLoader.java:416)
	at org.eclipse.osgi.internal.loader.ModuleClassLoader.loadClass(ModuleClassLoader.java:168)
	at java.base/java.lang.ClassLoader.loadClass(ClassLoader.java:520)
	... 17 more
2022-12-21 16:52:17,954 - Trying to use logger class org.apache.velocity.runtime.log.Log4JLogChute
2022-12-21 16:52:17,954 - Trying to use logger class org.apache.velocity.runtime.log.Log4JLogChute
2022-12-21 16:52:17,954 - Trying to use logger class org.apache.velocity.runtime.log.Log4JLogChute
2022-12-21 16:52:17,954 - Using logger class org.apache.velocity.runtime.log.Log4JLogChute
2022-12-21 16:52:17,954 - Using logger class org.apache.velocity.runtime.log.Log4JLogChute
2022-12-21 16:52:17,954 - Using logger class org.apache.velocity.runtime.log.Log4JLogChute
2022-12-21 16:52:17,954 - Default ResourceManager initializing. (class org.apache.velocity.runtime.resource.ResourceManagerImpl)
2022-12-21 16:52:17,954 - Default ResourceManager initializing. (class org.apache.velocity.runtime.resource.ResourceManagerImpl)
2022-12-21 16:52:17,954 - Default ResourceManager initializing. (class org.apache.velocity.runtime.resource.ResourceManagerImpl)
2022-12-21 16:52:17,954 - ResourceLoader instantiated: org.apache.velocity.runtime.resource.loader.FileResourceLoader
2022-12-21 16:52:17,954 - ResourceLoader instantiated: org.apache.velocity.runtime.resource.loader.FileResourceLoader
2022-12-21 16:52:17,954 - ResourceLoader instantiated: org.apache.velocity.runtime.resource.loader.FileResourceLoader
2022-12-21 16:52:17,954 - Do unicode file recognition:  false
2022-12-21 16:52:17,954 - Do unicode file recognition:  false
2022-12-21 16:52:17,954 - Do unicode file recognition:  false
2022-12-21 16:52:17,954 - FileResourceLoader : adding path 'D:\Repositories\Keretrendszerek beadandó\IDE\eclipse\configuration\org.eclipse.jpt.jpa.gen\templates\entities'
2022-12-21 16:52:17,954 - FileResourceLoader : adding path 'D:\Repositories\Keretrendszerek beadandó\IDE\eclipse\configuration\org.eclipse.jpt.jpa.gen\templates\entities'
2022-12-21 16:52:17,954 - FileResourceLoader : adding path 'D:\Repositories\Keretrendszerek beadandó\IDE\eclipse\configuration\org.eclipse.jpt.jpa.gen\templates\entities'
2022-12-21 16:52:17,955 - ResourceCache: initialized (class org.apache.velocity.runtime.resource.ResourceCacheImpl)
2022-12-21 16:52:17,955 - ResourceCache: initialized (class org.apache.velocity.runtime.resource.ResourceCacheImpl)
2022-12-21 16:52:17,955 - ResourceCache: initialized (class org.apache.velocity.runtime.resource.ResourceCacheImpl)
2022-12-21 16:52:17,955 - Loaded System Directive: org.apache.velocity.runtime.directive.Literal
2022-12-21 16:52:17,955 - Loaded System Directive: org.apache.velocity.runtime.directive.Literal
2022-12-21 16:52:17,955 - Loaded System Directive: org.apache.velocity.runtime.directive.Literal
2022-12-21 16:52:17,955 - Loaded System Directive: org.apache.velocity.runtime.directive.Macro
2022-12-21 16:52:17,955 - Loaded System Directive: org.apache.velocity.runtime.directive.Macro
2022-12-21 16:52:17,955 - Loaded System Directive: org.apache.velocity.runtime.directive.Macro
2022-12-21 16:52:17,955 - Loaded System Directive: org.apache.velocity.runtime.directive.Parse
2022-12-21 16:52:17,955 - Loaded System Directive: org.apache.velocity.runtime.directive.Parse
2022-12-21 16:52:17,955 - Loaded System Directive: org.apache.velocity.runtime.directive.Parse
2022-12-21 16:52:17,955 - Loaded System Directive: org.apache.velocity.runtime.directive.Include
2022-12-21 16:52:17,955 - Loaded System Directive: org.apache.velocity.runtime.directive.Include
2022-12-21 16:52:17,955 - Loaded System Directive: org.apache.velocity.runtime.directive.Include
2022-12-21 16:52:17,955 - Loaded System Directive: org.apache.velocity.runtime.directive.Foreach
2022-12-21 16:52:17,955 - Loaded System Directive: org.apache.velocity.runtime.directive.Foreach
2022-12-21 16:52:17,955 - Loaded System Directive: org.apache.velocity.runtime.directive.Foreach
2022-12-21 16:52:17,955 - Created '20' parsers.
2022-12-21 16:52:17,955 - Created '20' parsers.
2022-12-21 16:52:17,955 - Created '20' parsers.
2022-12-21 16:52:17,955 - Velocimacro : "velocimacro.library" is not set.  Trying default library: VM_global_library.vm
2022-12-21 16:52:17,955 - Velocimacro : "velocimacro.library" is not set.  Trying default library: VM_global_library.vm
2022-12-21 16:52:17,955 - Velocimacro : "velocimacro.library" is not set.  Trying default library: VM_global_library.vm
2022-12-21 16:52:17,955 - Velocimacro : Default library not found.
2022-12-21 16:52:17,955 - Velocimacro : Default library not found.
2022-12-21 16:52:17,955 - Velocimacro : Default library not found.
2022-12-21 16:52:17,955 - Velocimacro : allowInline = true : VMs can be defined inline in templates
2022-12-21 16:52:17,955 - Velocimacro : allowInline = true : VMs can be defined inline in templates
2022-12-21 16:52:17,955 - Velocimacro : allowInline = true : VMs can be defined inline in templates
2022-12-21 16:52:17,956 - Velocimacro : allowInlineToOverride = false : VMs defined inline may NOT replace previous VM definitions
2022-12-21 16:52:17,956 - Velocimacro : allowInlineToOverride = false : VMs defined inline may NOT replace previous VM definitions
2022-12-21 16:52:17,956 - Velocimacro : allowInlineToOverride = false : VMs defined inline may NOT replace previous VM definitions
2022-12-21 16:52:17,956 - Velocimacro : allowInlineLocal = false : VMs defined inline will be global in scope if allowed.
2022-12-21 16:52:17,956 - Velocimacro : allowInlineLocal = false : VMs defined inline will be global in scope if allowed.
2022-12-21 16:52:17,956 - Velocimacro : allowInlineLocal = false : VMs defined inline will be global in scope if allowed.
2022-12-21 16:52:17,956 - Velocimacro : autoload off : VM system will not automatically reload global library macros
2022-12-21 16:52:17,956 - Velocimacro : autoload off : VM system will not automatically reload global library macros
2022-12-21 16:52:17,956 - Velocimacro : autoload off : VM system will not automatically reload global library macros
2022-12-21 16:52:17,957 - ResourceManager : found main.java.vm with loader org.apache.velocity.runtime.resource.loader.FileResourceLoader
2022-12-21 16:52:17,957 - ResourceManager : found main.java.vm with loader org.apache.velocity.runtime.resource.loader.FileResourceLoader
2022-12-21 16:52:17,957 - ResourceManager : found main.java.vm with loader org.apache.velocity.runtime.resource.loader.FileResourceLoader
2022-12-21 16:52:17,958 - ResourceManager : found mappingKind.vm with loader org.apache.velocity.runtime.resource.loader.FileResourceLoader
2022-12-21 16:52:17,958 - ResourceManager : found mappingKind.vm with loader org.apache.velocity.runtime.resource.loader.FileResourceLoader
2022-12-21 16:52:17,958 - ResourceManager : found mappingKind.vm with loader org.apache.velocity.runtime.resource.loader.FileResourceLoader
2022-12-21 16:52:17,958 - Velocimacro : added #append(  members parameters ) : source = column.vm
2022-12-21 16:52:17,958 - Velocimacro : added #append(  members parameters ) : source = column.vm
2022-12-21 16:52:17,958 - Velocimacro : added #append(  members parameters ) : source = column.vm
2022-12-21 16:52:17,960 - ResourceManager : found column.vm with loader org.apache.velocity.runtime.resource.loader.FileResourceLoader
2022-12-21 16:52:17,960 - ResourceManager : found column.vm with loader org.apache.velocity.runtime.resource.loader.FileResourceLoader
2022-12-21 16:52:17,960 - ResourceManager : found column.vm with loader org.apache.velocity.runtime.resource.loader.FileResourceLoader
2022-12-21 16:52:17,961 - ResourceManager : found mappingKind.vm with loader org.apache.velocity.runtime.resource.loader.FileResourceLoader
2022-12-21 16:52:17,961 - ResourceManager : found mappingKind.vm with loader org.apache.velocity.runtime.resource.loader.FileResourceLoader
2022-12-21 16:52:17,961 - ResourceManager : found mappingKind.vm with loader org.apache.velocity.runtime.resource.loader.FileResourceLoader
2022-12-21 16:52:17,961 - Velocimacro : VM addition rejected : append : inline not allowed to replace existing VM
2022-12-21 16:52:17,961 - Velocimacro : VM addition rejected : append : inline not allowed to replace existing VM
2022-12-21 16:52:17,961 - Velocimacro : VM addition rejected : append : inline not allowed to replace existing VM
2022-12-21 16:52:17,961 - Failed to add macro: #append(  members parameters ) : source = column.vm
2022-12-21 16:52:17,961 - Failed to add macro: #append(  members parameters ) : source = column.vm
2022-12-21 16:52:17,961 - Failed to add macro: #append(  members parameters ) : source = column.vm
2022-12-21 16:52:17,963 - ResourceManager : found column.vm with loader org.apache.velocity.runtime.resource.loader.FileResourceLoader
2022-12-21 16:52:17,963 - ResourceManager : found column.vm with loader org.apache.velocity.runtime.resource.loader.FileResourceLoader
2022-12-21 16:52:17,963 - ResourceManager : found column.vm with loader org.apache.velocity.runtime.resource.loader.FileResourceLoader
2022-12-21 16:52:17,964 - ResourceManager : found oneToMany.vm with loader org.apache.velocity.runtime.resource.loader.FileResourceLoader
2022-12-21 16:52:17,964 - ResourceManager : found oneToMany.vm with loader org.apache.velocity.runtime.resource.loader.FileResourceLoader
2022-12-21 16:52:17,964 - ResourceManager : found oneToMany.vm with loader org.apache.velocity.runtime.resource.loader.FileResourceLoader
2022-12-21 16:52:17,965 - ResourceManager : found oneToManyMethods.vm with loader org.apache.velocity.runtime.resource.loader.FileResourceLoader
2022-12-21 16:52:17,965 - ResourceManager : found oneToManyMethods.vm with loader org.apache.velocity.runtime.resource.loader.FileResourceLoader
2022-12-21 16:52:17,965 - ResourceManager : found oneToManyMethods.vm with loader org.apache.velocity.runtime.resource.loader.FileResourceLoader
