14-Dec-2022 14:13:11.832 INFO [main] org.apache.catalina.startup.VersionLoggerListener.log Server version name:   Apache Tomcat/10.0.27
14-Dec-2022 14:13:11.834 INFO [main] org.apache.catalina.startup.VersionLoggerListener.log Server built:          Oct 3 2022 14:18:31 UTC
14-Dec-2022 14:13:11.834 INFO [main] org.apache.catalina.startup.VersionLoggerListener.log Server version number: 10.0.27.0
14-Dec-2022 14:13:11.834 INFO [main] org.apache.catalina.startup.VersionLoggerListener.log OS Name:               Windows 10
14-Dec-2022 14:13:11.834 INFO [main] org.apache.catalina.startup.VersionLoggerListener.log OS Version:            10.0
14-Dec-2022 14:13:11.834 INFO [main] org.apache.catalina.startup.VersionLoggerListener.log Architecture:          amd64
14-Dec-2022 14:13:11.834 INFO [main] org.apache.catalina.startup.VersionLoggerListener.log Java Home:             D:\Repositories\Keretrendszerek beadandó\JRE\jre1.8.0_341
14-Dec-2022 14:13:11.834 INFO [main] org.apache.catalina.startup.VersionLoggerListener.log JVM Version:           1.8.0_341-b10
14-Dec-2022 14:13:11.834 INFO [main] org.apache.catalina.startup.VersionLoggerListener.log JVM Vendor:            Oracle Corporation
14-Dec-2022 14:13:11.835 INFO [main] org.apache.catalina.startup.VersionLoggerListener.log CATALINA_BASE:         D:\Repositories\Keretrendszerek beadandó\Servers\apache-tomcat-10.0.27
14-Dec-2022 14:13:11.835 INFO [main] org.apache.catalina.startup.VersionLoggerListener.log CATALINA_HOME:         D:\Repositories\Keretrendszerek beadandó\Servers\apache-tomcat-10.0.27
14-Dec-2022 14:13:11.847 INFO [main] org.apache.catalina.startup.VersionLoggerListener.log Command line argument: -Djava.util.logging.config.file=D:\Repositories\Keretrendszerek beadandó\Servers\apache-tomcat-10.0.27\conf\logging.properties
14-Dec-2022 14:13:11.847 INFO [main] org.apache.catalina.startup.VersionLoggerListener.log Command line argument: -Djava.util.logging.manager=org.apache.juli.ClassLoaderLogManager
14-Dec-2022 14:13:11.847 INFO [main] org.apache.catalina.startup.VersionLoggerListener.log Command line argument: -Djdk.tls.ephemeralDHKeySize=2048
14-Dec-2022 14:13:11.847 INFO [main] org.apache.catalina.startup.VersionLoggerListener.log Command line argument: -Djava.protocol.handler.pkgs=org.apache.catalina.webresources
14-Dec-2022 14:13:11.847 INFO [main] org.apache.catalina.startup.VersionLoggerListener.log Command line argument: -Dignore.endorsed.dirs=
14-Dec-2022 14:13:11.847 INFO [main] org.apache.catalina.startup.VersionLoggerListener.log Command line argument: -Dcatalina.base=D:\Repositories\Keretrendszerek beadandó\Servers\apache-tomcat-10.0.27
14-Dec-2022 14:13:11.848 INFO [main] org.apache.catalina.startup.VersionLoggerListener.log Command line argument: -Dcatalina.home=D:\Repositories\Keretrendszerek beadandó\Servers\apache-tomcat-10.0.27
14-Dec-2022 14:13:11.848 INFO [main] org.apache.catalina.startup.VersionLoggerListener.log Command line argument: -Djava.io.tmpdir=D:\Repositories\Keretrendszerek beadandó\Servers\apache-tomcat-10.0.27\temp
14-Dec-2022 14:13:11.901 INFO [main] org.apache.catalina.core.AprLifecycleListener.lifecycleEvent Loaded Apache Tomcat Native library [1.2.35] using APR version [1.7.0].
14-Dec-2022 14:13:11.901 INFO [main] org.apache.catalina.core.AprLifecycleListener.lifecycleEvent APR capabilities: IPv6 [true], sendfile [true], accept filters [false], random [true], UDS [true].
14-Dec-2022 14:13:11.905 INFO [main] org.apache.catalina.core.AprLifecycleListener.initializeSSL OpenSSL successfully initialized [OpenSSL 1.1.1q  5 Jul 2022]
14-Dec-2022 14:13:12.092 INFO [main] org.apache.coyote.AbstractProtocol.init Initializing ProtocolHandler ["http-nio-8080"]
14-Dec-2022 14:13:12.105 INFO [main] org.apache.catalina.startup.Catalina.load Server initialization in [364] milliseconds
14-Dec-2022 14:13:12.124 INFO [main] org.apache.catalina.core.StandardService.startInternal Starting service [Catalina]
14-Dec-2022 14:13:12.124 INFO [main] org.apache.catalina.core.StandardEngine.startInternal Starting Servlet engine: [Apache Tomcat/10.0.27]
14-Dec-2022 14:13:12.130 INFO [main] org.apache.catalina.startup.HostConfig.deployDirectory Deploying web application directory [D:\Repositories\Keretrendszerek beadandó\Servers\apache-tomcat-10.0.27\webapps\docs]
14-Dec-2022 14:13:12.303 INFO [main] org.apache.catalina.startup.HostConfig.deployDirectory Deployment of web application directory [D:\Repositories\Keretrendszerek beadandó\Servers\apache-tomcat-10.0.27\webapps\docs] has finished in [173] ms
14-Dec-2022 14:13:12.303 INFO [main] org.apache.catalina.startup.HostConfig.deployDirectory Deploying web application directory [D:\Repositories\Keretrendszerek beadandó\Servers\apache-tomcat-10.0.27\webapps\examples]
14-Dec-2022 14:13:12.437 INFO [main] org.apache.catalina.startup.HostConfig.deployDirectory Deployment of web application directory [D:\Repositories\Keretrendszerek beadandó\Servers\apache-tomcat-10.0.27\webapps\examples] has finished in [134] ms
14-Dec-2022 14:13:12.437 INFO [main] org.apache.catalina.startup.HostConfig.deployDirectory Deploying web application directory [D:\Repositories\Keretrendszerek beadandó\Servers\apache-tomcat-10.0.27\webapps\host-manager]
14-Dec-2022 14:13:12.454 INFO [main] org.apache.catalina.startup.HostConfig.deployDirectory Deployment of web application directory [D:\Repositories\Keretrendszerek beadandó\Servers\apache-tomcat-10.0.27\webapps\host-manager] has finished in [17] ms
14-Dec-2022 14:13:12.454 INFO [main] org.apache.catalina.startup.HostConfig.deployDirectory Deploying web application directory [D:\Repositories\Keretrendszerek beadandó\Servers\apache-tomcat-10.0.27\webapps\manager]
14-Dec-2022 14:13:12.468 INFO [main] org.apache.catalina.startup.HostConfig.deployDirectory Deployment of web application directory [D:\Repositories\Keretrendszerek beadandó\Servers\apache-tomcat-10.0.27\webapps\manager] has finished in [14] ms
14-Dec-2022 14:13:12.468 INFO [main] org.apache.catalina.startup.HostConfig.deployDirectory Deploying web application directory [D:\Repositories\Keretrendszerek beadandó\Servers\apache-tomcat-10.0.27\webapps\ROOT]
14-Dec-2022 14:13:12.481 INFO [main] org.apache.catalina.startup.HostConfig.deployDirectory Deployment of web application directory [D:\Repositories\Keretrendszerek beadandó\Servers\apache-tomcat-10.0.27\webapps\ROOT] has finished in [12] ms
14-Dec-2022 14:13:12.483 INFO [main] org.apache.coyote.AbstractProtocol.start Starting ProtocolHandler ["http-nio-8080"]
14-Dec-2022 14:13:12.493 INFO [main] org.apache.catalina.startup.Catalina.start Server startup in [386] milliseconds
14-Dec-2022 14:14:02.101 INFO [Thread-2] org.apache.coyote.AbstractProtocol.pause Pausing ProtocolHandler ["http-nio-8080"]
14-Dec-2022 14:14:02.131 INFO [Thread-2] org.apache.catalina.core.StandardService.stopInternal Stopping service [Catalina]
14-Dec-2022 14:14:02.141 INFO [Thread-2] org.apache.coyote.AbstractProtocol.stop Stopping ProtocolHandler ["http-nio-8080"]
14-Dec-2022 14:14:02.153 INFO [Thread-2] org.apache.coyote.AbstractProtocol.destroy Destroying ProtocolHandler ["http-nio-8080"]
14-Dec-2022 14:16:21.999 INFO [main] org.apache.catalina.startup.VersionLoggerListener.log Server version name:   Apache Tomcat/10.0.27
14-Dec-2022 14:16:22.000 INFO [main] org.apache.catalina.startup.VersionLoggerListener.log Server built:          Oct 3 2022 14:18:31 UTC
14-Dec-2022 14:16:22.000 INFO [main] org.apache.catalina.startup.VersionLoggerListener.log Server version number: 10.0.27.0
14-Dec-2022 14:16:22.000 INFO [main] org.apache.catalina.startup.VersionLoggerListener.log OS Name:               Windows 10
14-Dec-2022 14:16:22.000 INFO [main] org.apache.catalina.startup.VersionLoggerListener.log OS Version:            10.0
14-Dec-2022 14:16:22.000 INFO [main] org.apache.catalina.startup.VersionLoggerListener.log Architecture:          amd64
14-Dec-2022 14:16:22.000 INFO [main] org.apache.catalina.startup.VersionLoggerListener.log Java Home:             D:\Repositories\Keretrendszerek beadandó\JRE\jre1.8.0_341
14-Dec-2022 14:16:22.001 INFO [main] org.apache.catalina.startup.VersionLoggerListener.log JVM Version:           1.8.0_341-b10
14-Dec-2022 14:16:22.001 INFO [main] org.apache.catalina.startup.VersionLoggerListener.log JVM Vendor:            Oracle Corporation
14-Dec-2022 14:16:22.001 INFO [main] org.apache.catalina.startup.VersionLoggerListener.log CATALINA_BASE:         D:\Repositories\Keretrendszerek beadandó\Servers\apache-tomcat-10.0.27
14-Dec-2022 14:16:22.001 INFO [main] org.apache.catalina.startup.VersionLoggerListener.log CATALINA_HOME:         D:\Repositories\Keretrendszerek beadandó\Servers\apache-tomcat-10.0.27
14-Dec-2022 14:16:22.002 INFO [main] org.apache.catalina.startup.VersionLoggerListener.log Command line argument: -Djava.util.logging.config.file=D:\Repositories\Keretrendszerek beadandó\Servers\apache-tomcat-10.0.27\conf\logging.properties
14-Dec-2022 14:16:22.002 INFO [main] org.apache.catalina.startup.VersionLoggerListener.log Command line argument: -Djava.util.logging.manager=org.apache.juli.ClassLoaderLogManager
14-Dec-2022 14:16:22.002 INFO [main] org.apache.catalina.startup.VersionLoggerListener.log Command line argument: -Djdk.tls.ephemeralDHKeySize=2048
14-Dec-2022 14:16:22.002 INFO [main] org.apache.catalina.startup.VersionLoggerListener.log Command line argument: -Djava.protocol.handler.pkgs=org.apache.catalina.webresources
14-Dec-2022 14:16:22.002 INFO [main] org.apache.catalina.startup.VersionLoggerListener.log Command line argument: -Dignore.endorsed.dirs=
14-Dec-2022 14:16:22.002 INFO [main] org.apache.catalina.startup.VersionLoggerListener.log Command line argument: -Dcatalina.base=D:\Repositories\Keretrendszerek beadandó\Servers\apache-tomcat-10.0.27
14-Dec-2022 14:16:22.003 INFO [main] org.apache.catalina.startup.VersionLoggerListener.log Command line argument: -Dcatalina.home=D:\Repositories\Keretrendszerek beadandó\Servers\apache-tomcat-10.0.27
14-Dec-2022 14:16:22.003 INFO [main] org.apache.catalina.startup.VersionLoggerListener.log Command line argument: -Djava.io.tmpdir=D:\Repositories\Keretrendszerek beadandó\Servers\apache-tomcat-10.0.27\temp
14-Dec-2022 14:16:22.005 INFO [main] org.apache.catalina.core.AprLifecycleListener.lifecycleEvent Loaded Apache Tomcat Native library [1.2.35] using APR version [1.7.0].
14-Dec-2022 14:16:22.005 INFO [main] org.apache.catalina.core.AprLifecycleListener.lifecycleEvent APR capabilities: IPv6 [true], sendfile [true], accept filters [false], random [true], UDS [true].
14-Dec-2022 14:16:22.008 INFO [main] org.apache.catalina.core.AprLifecycleListener.initializeSSL OpenSSL successfully initialized [OpenSSL 1.1.1q  5 Jul 2022]
14-Dec-2022 14:16:22.185 INFO [main] org.apache.coyote.AbstractProtocol.init Initializing ProtocolHandler ["http-nio-8080"]
14-Dec-2022 14:16:22.196 INFO [main] org.apache.catalina.startup.Catalina.load Server initialization in [288] milliseconds
14-Dec-2022 14:16:22.213 INFO [main] org.apache.catalina.core.StandardService.startInternal Starting service [Catalina]
14-Dec-2022 14:16:22.213 INFO [main] org.apache.catalina.core.StandardEngine.startInternal Starting Servlet engine: [Apache Tomcat/10.0.27]
14-Dec-2022 14:16:22.218 INFO [main] org.apache.catalina.startup.HostConfig.deployDirectory Deploying web application directory [D:\Repositories\Keretrendszerek beadandó\Servers\apache-tomcat-10.0.27\webapps\docs]
14-Dec-2022 14:16:22.388 INFO [main] org.apache.catalina.startup.HostConfig.deployDirectory Deployment of web application directory [D:\Repositories\Keretrendszerek beadandó\Servers\apache-tomcat-10.0.27\webapps\docs] has finished in [169] ms
14-Dec-2022 14:16:22.388 INFO [main] org.apache.catalina.startup.HostConfig.deployDirectory Deploying web application directory [D:\Repositories\Keretrendszerek beadandó\Servers\apache-tomcat-10.0.27\webapps\examples]
14-Dec-2022 14:16:22.555 INFO [main] org.apache.catalina.startup.HostConfig.deployDirectory Deployment of web application directory [D:\Repositories\Keretrendszerek beadandó\Servers\apache-tomcat-10.0.27\webapps\examples] has finished in [166] ms
14-Dec-2022 14:16:22.555 INFO [main] org.apache.catalina.startup.HostConfig.deployDirectory Deploying web application directory [D:\Repositories\Keretrendszerek beadandó\Servers\apache-tomcat-10.0.27\webapps\host-manager]
14-Dec-2022 14:16:22.585 INFO [main] org.apache.catalina.startup.HostConfig.deployDirectory Deployment of web application directory [D:\Repositories\Keretrendszerek beadandó\Servers\apache-tomcat-10.0.27\webapps\host-manager] has finished in [29] ms
14-Dec-2022 14:16:22.585 INFO [main] org.apache.catalina.startup.HostConfig.deployDirectory Deploying web application directory [D:\Repositories\Keretrendszerek beadandó\Servers\apache-tomcat-10.0.27\webapps\manager]
14-Dec-2022 14:16:22.611 INFO [main] org.apache.catalina.startup.HostConfig.deployDirectory Deployment of web application directory [D:\Repositories\Keretrendszerek beadandó\Servers\apache-tomcat-10.0.27\webapps\manager] has finished in [26] ms
14-Dec-2022 14:16:22.612 INFO [main] org.apache.catalina.startup.HostConfig.deployDirectory Deploying web application directory [D:\Repositories\Keretrendszerek beadandó\Servers\apache-tomcat-10.0.27\webapps\ROOT]
14-Dec-2022 14:16:22.635 INFO [main] org.apache.catalina.startup.HostConfig.deployDirectory Deployment of web application directory [D:\Repositories\Keretrendszerek beadandó\Servers\apache-tomcat-10.0.27\webapps\ROOT] has finished in [22] ms
14-Dec-2022 14:16:22.640 INFO [main] org.apache.coyote.AbstractProtocol.start Starting ProtocolHandler ["http-nio-8080"]
14-Dec-2022 14:16:22.652 INFO [main] org.apache.catalina.startup.Catalina.start Server startup in [456] milliseconds
14-Dec-2022 14:20:00.218 INFO [Thread-2] org.apache.coyote.AbstractProtocol.pause Pausing ProtocolHandler ["http-nio-8080"]
14-Dec-2022 14:20:00.249 INFO [Thread-2] org.apache.catalina.core.StandardService.stopInternal Stopping service [Catalina]
14-Dec-2022 14:20:00.259 INFO [Thread-2] org.apache.coyote.AbstractProtocol.stop Stopping ProtocolHandler ["http-nio-8080"]
14-Dec-2022 14:20:00.272 INFO [Thread-2] org.apache.coyote.AbstractProtocol.destroy Destroying ProtocolHandler ["http-nio-8080"]
